<?xml version="1.0" encoding="UTF-8"?>
<coverage generated="1604310656367" clover="3.2.0">
  <project timestamp="1604310656367" name="All files">
    <metrics statements="36" coveredstatements="21" conditionals="20" coveredconditionals="9" methods="15" coveredmethods="8" elements="71" coveredelements="38" complexity="0" loc="36" ncloc="36" packages="2" files="3" classes="3"/>
    <package name="src.components">
      <metrics statements="13" coveredstatements="5" conditionals="2" coveredconditionals="0" methods="9" coveredmethods="5"/>
      <file name="BaseCard.vue" path="/Users/weishuping/workspace/fe-homework/src/components/BaseCard.vue">
        <metrics statements="4" coveredstatements="3" conditionals="0" coveredconditionals="0" methods="4" coveredmethods="3"/>
        <line num="25" count="0" type="stmt"/>
        <line num="29" count="2" type="stmt"/>
        <line num="33" count="2" type="stmt"/>
        <line num="37" count="2" type="stmt"/>
      </file>
      <file name="BaseDialog.vue" path="/Users/weishuping/workspace/fe-homework/src/components/BaseDialog.vue">
        <metrics statements="9" coveredstatements="2" conditionals="2" coveredconditionals="0" methods="5" coveredmethods="2"/>
        <line num="49" count="1" type="stmt"/>
        <line num="53" count="1" type="stmt"/>
        <line num="59" count="0" type="stmt"/>
        <line num="63" count="0" type="cond" truecount="0" falsecount="2"/>
        <line num="64" count="0" type="stmt"/>
        <line num="65" count="0" type="stmt"/>
        <line num="66" count="0" type="stmt"/>
        <line num="70" count="0" type="stmt"/>
        <line num="71" count="0" type="stmt"/>
      </file>
    </package>
    <package name="test.unit.specs">
      <metrics statements="23" coveredstatements="16" conditionals="18" coveredconditionals="9" methods="6" coveredmethods="3"/>
      <file name="utils.js" path="/Users/weishuping/workspace/fe-homework/test/unit/specs/utils.js">
        <metrics statements="23" coveredstatements="16" conditionals="18" coveredconditionals="9" methods="6" coveredmethods="3"/>
        <line num="2" count="1" type="stmt"/>
        <line num="4" count="1" type="stmt"/>
        <line num="5" count="1" type="stmt"/>
        <line num="7" count="1" type="stmt"/>
        <line num="8" count="1" type="stmt"/>
        <line num="10" count="1" type="stmt"/>
        <line num="16" count="1" type="stmt"/>
        <line num="17" count="2" type="cond" truecount="2" falsecount="0"/>
        <line num="18" count="2" type="cond" truecount="2" falsecount="1"/>
        <line num="29" count="1" type="cond" truecount="0" falsecount="1"/>
        <line num="30" count="0" type="cond" truecount="0" falsecount="2"/>
        <line num="31" count="0" type="stmt"/>
        <line num="33" count="0" type="cond" truecount="0" falsecount="2"/>
        <line num="36" count="1" type="cond" truecount="1" falsecount="1"/>
        <line num="37" count="1" type="cond" truecount="3" falsecount="1"/>
        <line num="38" count="0" type="stmt"/>
        <line num="39" count="0" type="stmt"/>
        <line num="41" count="1" type="stmt"/>
        <line num="42" count="1" type="stmt"/>
        <line num="43" count="1" type="cond" truecount="1" falsecount="1"/>
        <line num="46" count="1" type="stmt"/>
        <line num="47" count="0" type="stmt"/>
        <line num="48" count="0" type="stmt"/>
      </file>
    </package>
  </project>
</coverage>
