{"/Users/weishuping/workspace/fe-homework/src/components/BaseCard.vue": {"path":"/Users/weishuping/workspace/fe-homework/src/components/BaseCard.vue","statementMap":{"0":{"start":{"line":25,"column":0},"end":{"line":25,"column":null}},"1":{"start":{"line":29,"column":0},"end":{"line":29,"column":null}},"2":{"start":{"line":33,"column":0},"end":{"line":33,"column":null}},"3":{"start":{"line":37,"column":0},"end":{"line":37,"column":null}}},"fnMap":{"0":{"name":"(anonymous_1)","decl":{"start":{"line":25,"column":0},"end":{"line":25,"column":null}},"loc":{"start":{"line":25,"column":0},"end":{"line":25,"column":null}}},"1":{"name":"(anonymous_2)","decl":{"start":{"line":29,"column":0},"end":{"line":29,"column":null}},"loc":{"start":{"line":29,"column":0},"end":{"line":29,"column":null}}},"2":{"name":"(anonymous_3)","decl":{"start":{"line":33,"column":0},"end":{"line":33,"column":null}},"loc":{"start":{"line":33,"column":0},"end":{"line":33,"column":null}}},"3":{"name":"(anonymous_4)","decl":{"start":{"line":37,"column":0},"end":{"line":37,"column":null}},"loc":{"start":{"line":37,"column":0},"end":{"line":37,"column":null}}}},"branchMap":{},"s":{"0":0,"1":2,"2":2,"3":2},"f":{"0":0,"1":2,"2":2,"3":2},"b":{}}
,"/Users/weishuping/workspace/fe-homework/src/components/BaseDialog.vue": {"path":"/Users/weishuping/workspace/fe-homework/src/components/BaseDialog.vue","statementMap":{"0":{"start":{"line":49,"column":0},"end":{"line":49,"column":null}},"1":{"start":{"line":53,"column":0},"end":{"line":53,"column":null}},"2":{"start":{"line":59,"column":0},"end":{"line":59,"column":null}},"3":{"start":{"line":63,"column":0},"end":{"line":67,"column":null}},"4":{"start":{"line":64,"column":0},"end":{"line":64,"column":null}},"5":{"start":{"line":65,"column":0},"end":{"line":65,"column":null}},"6":{"start":{"line":66,"column":0},"end":{"line":66,"column":null}},"7":{"start":{"line":70,"column":0},"end":{"line":70,"column":null}},"8":{"start":{"line":71,"column":0},"end":{"line":71,"column":null}}},"fnMap":{"0":{"name":"(anonymous_1)","decl":{"start":{"line":49,"column":0},"end":{"line":49,"column":null}},"loc":{"start":{"line":49,"column":0},"end":{"line":49,"column":null}}},"1":{"name":"(anonymous_2)","decl":{"start":{"line":52,"column":0},"end":{"line":52,"column":null}},"loc":{"start":{"line":52,"column":0},"end":{"line":56,"column":null}}},"2":{"name":"(anonymous_3)","decl":{"start":{"line":58,"column":0},"end":{"line":58,"column":null}},"loc":{"start":{"line":58,"column":0},"end":{"line":60,"column":null}}},"3":{"name":"(anonymous_4)","decl":{"start":{"line":61,"column":0},"end":{"line":61,"column":null}},"loc":{"start":{"line":61,"column":0},"end":{"line":68,"column":null}}},"4":{"name":"(anonymous_5)","decl":{"start":{"line":69,"column":0},"end":{"line":69,"column":null}},"loc":{"start":{"line":69,"column":0},"end":{"line":72,"column":null}}}},"branchMap":{"0":{"loc":{"start":{"line":63,"column":0},"end":{"line":67,"column":null}},"type":"if","locations":[{"start":{"line":63,"column":0},"end":{"line":67,"column":null}},{"start":{"line":63,"column":0},"end":{"line":67,"column":null}}]}},"s":{"0":1,"1":1,"2":0,"3":0,"4":0,"5":0,"6":0,"7":0,"8":0},"f":{"0":1,"1":1,"2":0,"3":0,"4":0},"b":{"0":[0,0]}}
,"/Users/weishuping/workspace/fe-homework/test/unit/specs/utils.js": {"path":"/Users/weishuping/workspace/fe-homework/test/unit/specs/utils.js","statementMap":{"0":{"start":{"line":2,"column":9},"end":{"line":2,"column":10}},"1":{"start":{"line":4,"column":18},"end":{"line":11,"column":1}},"2":{"start":{"line":5,"column":16},"end":{"line":5,"column":45}},"3":{"start":{"line":7,"column":4},"end":{"line":7,"column":26}},"4":{"start":{"line":8,"column":4},"end":{"line":8,"column":35}},"5":{"start":{"line":10,"column":4},"end":{"line":10,"column":15}},"6":{"start":{"line":16,"column":25},"end":{"line":21,"column":1}},"7":{"start":{"line":17,"column":4},"end":{"line":17,"column":33}},"8":{"start":{"line":18,"column":4},"end":{"line":20,"column":45}},"9":{"start":{"line":29,"column":25},"end":{"line":34,"column":1}},"10":{"start":{"line":30,"column":4},"end":{"line":32,"column":5}},"11":{"start":{"line":31,"column":8},"end":{"line":31,"column":34}},"12":{"start":{"line":33,"column":4},"end":{"line":33,"column":73}},"13":{"start":{"line":36,"column":26},"end":{"line":44,"column":1}},"14":{"start":{"line":37,"column":4},"end":{"line":40,"column":5}},"15":{"start":{"line":38,"column":8},"end":{"line":38,"column":28}},"16":{"start":{"line":39,"column":8},"end":{"line":39,"column":23}},"17":{"start":{"line":41,"column":16},"end":{"line":41,"column":27}},"18":{"start":{"line":42,"column":17},"end":{"line":42,"column":34}},"19":{"start":{"line":43,"column":4},"end":{"line":43,"column":72}},"20":{"start":{"line":46,"column":20},"end":{"line":50,"column":1}},"21":{"start":{"line":47,"column":4},"end":{"line":49,"column":7}},"22":{"start":{"line":48,"column":8},"end":{"line":48,"column":37}}},"fnMap":{"0":{"name":"(anonymous_0)","decl":{"start":{"line":4,"column":18},"end":{"line":4,"column":19}},"loc":{"start":{"line":4,"column":30},"end":{"line":11,"column":1}},"line":4},"1":{"name":"(anonymous_1)","decl":{"start":{"line":16,"column":25},"end":{"line":16,"column":26}},"loc":{"start":{"line":16,"column":39},"end":{"line":21,"column":1}},"line":16},"2":{"name":"(anonymous_2)","decl":{"start":{"line":29,"column":25},"end":{"line":29,"column":26}},"loc":{"start":{"line":29,"column":59},"end":{"line":34,"column":1}},"line":29},"3":{"name":"(anonymous_3)","decl":{"start":{"line":36,"column":26},"end":{"line":36,"column":27}},"loc":{"start":{"line":36,"column":76},"end":{"line":44,"column":1}},"line":36},"4":{"name":"(anonymous_4)","decl":{"start":{"line":46,"column":20},"end":{"line":46,"column":21}},"loc":{"start":{"line":46,"column":39},"end":{"line":50,"column":1}},"line":46},"5":{"name":"(anonymous_5)","decl":{"start":{"line":47,"column":23},"end":{"line":47,"column":24}},"loc":{"start":{"line":47,"column":34},"end":{"line":49,"column":5}},"line":47}},"branchMap":{"0":{"loc":{"start":{"line":17,"column":4},"end":{"line":17,"column":32}},"type":"binary-expr","locations":[{"start":{"line":17,"column":4},"end":{"line":17,"column":15}},{"start":{"line":17,"column":19},"end":{"line":17,"column":32}}],"line":17},"1":{"loc":{"start":{"line":18,"column":4},"end":{"line":20,"column":44}},"type":"binary-expr","locations":[{"start":{"line":18,"column":4},"end":{"line":18,"column":10}},{"start":{"line":19,"column":7},"end":{"line":19,"column":24}},{"start":{"line":20,"column":7},"end":{"line":20,"column":44}}],"line":18},"2":{"loc":{"start":{"line":29,"column":42},"end":{"line":29,"column":57}},"type":"default-arg","locations":[{"start":{"line":29,"column":52},"end":{"line":29,"column":57}}],"line":29},"3":{"loc":{"start":{"line":30,"column":4},"end":{"line":32,"column":5}},"type":"if","locations":[{"start":{"line":30,"column":4},"end":{"line":32,"column":5}},{"start":{"line":30,"column":4},"end":{"line":32,"column":5}}],"line":30},"4":{"loc":{"start":{"line":33,"column":33},"end":{"line":33,"column":71}},"type":"cond-expr","locations":[{"start":{"line":33,"column":53},"end":{"line":33,"column":57}},{"start":{"line":33,"column":60},"end":{"line":33,"column":71}}],"line":33},"5":{"loc":{"start":{"line":36,"column":43},"end":{"line":36,"column":57}},"type":"default-arg","locations":[{"start":{"line":36,"column":55},"end":{"line":36,"column":57}}],"line":36},"6":{"loc":{"start":{"line":36,"column":59},"end":{"line":36,"column":74}},"type":"default-arg","locations":[{"start":{"line":36,"column":69},"end":{"line":36,"column":74}}],"line":36},"7":{"loc":{"start":{"line":37,"column":4},"end":{"line":40,"column":5}},"type":"if","locations":[{"start":{"line":37,"column":4},"end":{"line":40,"column":5}},{"start":{"line":37,"column":4},"end":{"line":40,"column":5}}],"line":37},"8":{"loc":{"start":{"line":37,"column":8},"end":{"line":37,"column":49}},"type":"binary-expr","locations":[{"start":{"line":37,"column":8},"end":{"line":37,"column":26}},{"start":{"line":37,"column":30},"end":{"line":37,"column":49}}],"line":37},"9":{"loc":{"start":{"line":43,"column":40},"end":{"line":43,"column":70}},"type":"cond-expr","locations":[{"start":{"line":43,"column":60},"end":{"line":43,"column":64}},{"start":{"line":43,"column":67},"end":{"line":43,"column":70}}],"line":43}},"s":{"0":1,"1":1,"2":1,"3":1,"4":1,"5":1,"6":1,"7":2,"8":2,"9":1,"10":0,"11":0,"12":0,"13":1,"14":1,"15":0,"16":0,"17":1,"18":1,"19":1,"20":1,"21":0,"22":0},"f":{"0":1,"1":2,"2":0,"3":1,"4":0,"5":0},"b":{"0":[2,2],"1":[2,2,0],"2":[0],"3":[0,0],"4":[0,0],"5":[0],"6":[1],"7":[0,1],"8":[1,1],"9":[1,0]},"_coverageSchema":"1a1c01bbd47fc00a2c39e90264f33305004495a9","hash":"3d2c2dd293a439b580867bd9cd5e70849d9de58d"}
}
