TN:
SF:src/components/BaseCard.vue
FN:25,(anonymous_1)
FN:29,(anonymous_2)
FN:33,(anonymous_3)
FN:37,(anonymous_4)
FNF:4
FNH:3
FNDA:0,(anonymous_1)
FNDA:2,(anonymous_2)
FNDA:2,(anonymous_3)
FNDA:2,(anonymous_4)
DA:25,0
DA:29,2
DA:33,2
DA:37,2
LF:4
LH:3
BRF:0
BRH:0
end_of_record
TN:
SF:src/components/BaseDialog.vue
FN:49,(anonymous_1)
FN:52,(anonymous_2)
FN:58,(anonymous_3)
FN:61,(anonymous_4)
FN:69,(anonymous_5)
FNF:5
FNH:2
FNDA:1,(anonymous_1)
FNDA:1,(anonymous_2)
FNDA:0,(anonymous_3)
FNDA:0,(anonymous_4)
FNDA:0,(anonymous_5)
DA:49,1
DA:53,1
DA:59,0
DA:63,0
DA:64,0
DA:65,0
DA:66,0
DA:70,0
DA:71,0
LF:9
LH:2
BRDA:63,0,0,0
BRDA:63,0,1,0
BRF:2
BRH:0
end_of_record
TN:
SF:test/unit/specs/utils.js
FN:4,(anonymous_0)
FN:16,(anonymous_1)
FN:29,(anonymous_2)
FN:36,(anonymous_3)
FN:46,(anonymous_4)
FN:47,(anonymous_5)
FNF:6
FNH:3
FNDA:1,(anonymous_0)
FNDA:2,(anonymous_1)
FNDA:0,(anonymous_2)
FNDA:1,(anonymous_3)
FNDA:0,(anonymous_4)
FNDA:0,(anonymous_5)
DA:2,1
DA:4,1
DA:5,1
DA:7,1
DA:8,1
DA:10,1
DA:16,1
DA:17,2
DA:18,2
DA:29,1
DA:30,0
DA:31,0
DA:33,0
DA:36,1
DA:37,1
DA:38,0
DA:39,0
DA:41,1
DA:42,1
DA:43,1
DA:46,1
DA:47,0
DA:48,0
LF:23
LH:16
BRDA:17,0,0,2
BRDA:17,0,1,2
BRDA:18,1,0,2
BRDA:18,1,1,2
BRDA:18,1,2,0
BRDA:29,2,0,0
BRDA:30,3,0,0
BRDA:30,3,1,0
BRDA:33,4,0,0
BRDA:33,4,1,0
BRDA:36,5,0,0
BRDA:36,6,0,1
BRDA:37,7,0,0
BRDA:37,7,1,1
BRDA:37,8,0,1
BRDA:37,8,1,1
BRDA:43,9,0,1
BRDA:43,9,1,0
BRF:18
BRH:9
end_of_record
